<?xml version="1.0" ?>
<!DOCTYPE coverage SYSTEM 'http://cobertura.sourceforge.net/xml/coverage-04.dtd'>
<coverage version="7.6.1" timestamp="1726838400000" lines-valid="10" lines-covered="7" line-rate="0.7" branches-valid="4" branches-covered="3" branch-rate="0.75" complexity="0">
	<sources>
		<source>/home/projeto</source>
	</sources>
	<packages>
		<package name="src" line-rate="0.7" branch-rate="0.75" complexity="0">
			<classes>
				<class name="pedido.py" filename="src/pedido.py" complexity="0" line-rate="0.8571" branch-rate="0.75">
					<methods/>
					<lines>
						<line number="1" hits="1"/>
						<line number="4" hits="1"/>
						<line number="5" hits="3" branch="true" condition-coverage="100% (2/2)"/>
						<line number="6" hits="2"/>
						<line number="9" hits="1"/>
						<line number="10" hits="1" branch="true" condition-coverage="50% (1/2)"/>
						<line number="11" hits="0"/>
					</lines>
				</class>
				<class name="relatorio.py" filename="src/relatorio.py" complexity="0" line-rate="0.3333" branch-rate="0">
					<methods/>
					<lines>
						<line number="1" hits="1"/>
						<line number="3" hits="0"/>
						<line number="4" hits="0"/>
					</lines>
				</class>
			</classes>
		</package>
	</packages>
</coverage>
